c:\users\silviu\documents\new folder\new folder\template\template\debug\vc120.pdb
c:\users\silviu\documents\new folder\new folder\template\template\debug\vc120.idb
c:\users\silviu\documents\new folder\new folder\template\template\debug\game.obj
c:\users\silviu\documents\new folder\new folder\template\template\debug\gamewindow.obj
c:\users\silviu\documents\new folder\new folder\template\template\debug\highresolutiontimer.obj
c:\users\silviu\documents\new folder\new folder\template\template\debug\level1.obj
c:\users\silviu\documents\new folder\new folder\template\template\debug\lighting.obj
c:\users\silviu\documents\new folder\new folder\template\template\debug\material.obj
c:\users\silviu\documents\new folder\new folder\template\template\debug\md2animation.obj
c:\users\silviu\documents\new folder\new folder\template\template\debug\openassetimportermesh.obj
c:\users\silviu\documents\new folder\new folder\template\template\debug\pickup.obj
c:\users\silviu\documents\new folder\new folder\template\template\debug\player.obj
c:\users\silviu\documents\new folder\new folder\template\template\debug\skybox.obj
c:\users\silviu\documents\new folder\new folder\template\template\debug\specialfx.obj
c:\users\silviu\documents\new folder\new folder\template\template\debug\bridge.obj
c:\users\silviu\documents\new folder\new folder\template\template\debug\terrain.obj
c:\users\silviu\documents\new folder\new folder\template\template\debug\tetrahedron.obj
c:\users\silviu\documents\new folder\new folder\template\template\debug\text.obj
c:\users\silviu\documents\new folder\new folder\template\template\debug\texture.obj
c:\users\silviu\documents\new folder\new folder\template\template\debug\timepick.obj
c:\users\silviu\documents\new folder\new folder\template\template\debug\vector3f.obj
c:\users\silviu\documents\new folder\new folder\template\template\debug\wall.obj
c:\users\silviu\documents\new folder\new folder\template\template\debug\collisiondetection.obj
c:\users\silviu\documents\new folder\new folder\template\template\debug\ramp.obj
c:\users\silviu\documents\new folder\new folder\template\template\debug\audio.obj
c:\users\silviu\documents\new folder\new folder\template\template\debug\bouncingball.obj
c:\users\silviu\documents\new folder\new folder\template\template\debug\boundingbox.obj
c:\users\silviu\documents\new folder\new folder\template\template\debug\camera.obj
c:\users\silviu\documents\new folder\new folder\template\template\debug\crystal.obj
c:\users\silviu\documents\new folder\new folder\template\template\debug\screen.obj
c:\users\silviu\documents\new folder\new folder\template\template\debug\crossfade.obj
c:\users\silviu\documents\new folder\new folder\template\debug\template.ilk
c:\users\silviu\documents\new folder\new folder\template\debug\template.exe
c:\users\silviu\documents\new folder\new folder\template\debug\template.pdb
c:\users\silviu\documents\new folder\new folder\template\template\debug\arch.obj
c:\users\silviu\documents\new folder\new folder\template\template\debug\star.obj
c:\users\silviu\documents\new folder\new folder\template\template\debug\template.tlog\cl.command.1.tlog
c:\users\silviu\documents\new folder\new folder\template\template\debug\template.tlog\cl.read.1.tlog
c:\users\silviu\documents\new folder\new folder\template\template\debug\template.tlog\cl.write.1.tlog
c:\users\silviu\documents\new folder\new folder\template\template\debug\template.tlog\link.command.1.tlog
c:\users\silviu\documents\new folder\new folder\template\template\debug\template.tlog\link.read.1.tlog
c:\users\silviu\documents\new folder\new folder\template\template\debug\template.tlog\link.write.1.tlog
