Build started 07/12/2015 19:58:59.
     1>Project "C:\Users\Silviu\Documents\New folder\New folder\Template\Template\template.vcxproj" on node 2 (Build target(s)).
     1>ClCompile:
         C:\Program Files (x86)\Microsoft Visual Studio 12.0\VC\bin\CL.exe /c /ZI /nologo /W3 /WX- /Od /Oy- /D WIN32 /D _DEBUG /D _WINDOWS /Gm /EHsc /RTC1 /MDd /GS /fp:precise /Zc:wchar_t /Zc:forScope /Fo"Debug\\" /Fd"Debug\vc120.pdb" /Gd /TP /analyze- /errorReport:prompt Game.cpp
         Game.cpp
       Link:
         C:\Program Files (x86)\Microsoft Visual Studio 12.0\VC\bin\link.exe /ERRORREPORT:PROMPT /OUT:"C:\Users\Silviu\Documents\New folder\New folder\Template\Debug\template.exe" /INCREMENTAL /NOLOGO /LIBPATH:./lib/ kernel32.lib user32.lib gdi32.lib winspool.lib comdlg32.lib advapi32.lib shell32.lib ole32.lib oleaut32.lib uuid.lib odbc32.lib odbccp32.lib glew32.lib /MANIFEST /MANIFESTUAC:"level='asInvoker' uiAccess='false'" /manifest:embed /DEBUG /PDB:"C:\Users\Silviu\Documents\New folder\New folder\Template\Debug\template.pdb" /SUBSYSTEM:WINDOWS /TLBID:1 /DYNAMICBASE /NXCOMPAT /IMPLIB:"C:\Users\Silviu\Documents\New folder\New folder\Template\Debug\template.lib" /MACHINE:X86 Debug\CollisionDetection.obj
         Debug\CrossFade.obj
         Debug\Ramp.obj
         Debug\Audio.obj
         Debug\BoundingBox.obj
         Debug\Camera.obj
         Debug\Crystal.obj
         Debug\Game.obj
         Debug\GameWindow.obj
         Debug\HighResolutionTimer.obj
         Debug\Level1.obj
         Debug\Lighting.obj
         Debug\Material.obj
         Debug\Md2Animation.obj
         Debug\OpenAssetImporterMesh.obj
         Debug\Pickup.obj
         Debug\Player.obj
         Debug\Screen.obj
         Debug\SkyBox.obj
         Debug\SpecialFX.obj
         Debug\Bridge.obj
         Debug\Terrain.obj
         Debug\Text.obj
         Debug\Texture.obj
         Debug\TimePick.obj
         Debug\Vector3f.obj
         template.vcxproj -> C:\Users\Silviu\Documents\New folder\New folder\Template\Debug\template.exe
     1>Done Building Project "C:\Users\Silviu\Documents\New folder\New folder\Template\Template\template.vcxproj" (Build target(s)).

Build succeeded.

Time Elapsed 00:00:02.01
